<?xml version="1.0" encoding="UTF-8"?>
<!-- Generated by org.testng.reporters.JUnitXMLReporter -->
<testsuite ignored="0" hostname="HYDPCM404434L" failures="0" tests="2" name="Default test" time="13.614" errors="0" timestamp="2022-07-06T00:29:14 IST">
  <testcase classname="cucumber.api.testng.AbstractTestNGCucumberTests" name="runScenario" time="12.812">
    <skipped/>
  </testcase> <!-- runScenario -->
  <testcase classname="cucumber.api.testng.AbstractTestNGCucumberTests" name="runScenario" time="0.253">
    <skipped/>
  </testcase> <!-- runScenario -->
</testsuite> <!-- Default test -->
